#
# There is insufficient memory for the Java Runtime Environment to continue.
# Native memory allocation (malloc) failed to allocate 32744 bytes for ChunkPool::allocate
# Possible reasons:
#   The system is out of physical RAM or swap space
#   In 32 bit mode, the process size limit was hit
# Possible solutions:
#   Reduce memory load on the system
#   Increase physical memory or swap space
#   Check if swap backing store is full
#   Use 64 bit Java on a 64 bit OS
#   Decrease Java heap size (-Xmx/-Xms)
#   Decrease number of Java threads
#   Decrease Java thread stack sizes (-Xss)
#   Set larger code cache with -XX:ReservedCodeCacheSize=
# This output file may be truncated or incomplete.
#
#  Out of Memory Error (allocation.cpp:273), pid=8540, tid=4036
#
# JRE version: Java(TM) SE Runtime Environment (8.0_40-b25) (build 1.8.0_40-b25)
# Java VM: Java HotSpot(TM) 64-Bit Server VM (25.40-b25 mixed mode windows-amd64 compressed oops)
# Failed to write core dump. Minidumps are not enabled by default on client versions of Windows
#

---------------  T H R E A D  ---------------

Current thread (0x0000000015056800):  JavaThread "C2 CompilerThread1" daemon [_thread_in_native, id=4036, stack(0x0000000016650000,0x0000000016750000)]

Stack: [0x0000000016650000,0x0000000016750000]
Native frames: (J=compiled Java code, j=interpreted, Vv=VM code, C=native code)
V  [jvm.dll+0x32b47a]


Current CompileTask:
C2:   5049 2086       4       com.android.dx.ssa.SsaConverter::placePhiFunctions (394 bytes)


---------------  P R O C E S S  ---------------

Java Threads: ( => current thread )
  0x0000000016aea000 JavaThread "pool-1-thread-4" [_thread_in_vm, id=8416, stack(0x0000000017a50000,0x0000000017b50000)]
  0x0000000016ad0800 JavaThread "pool-1-thread-3" [_thread_blocked, id=11156, stack(0x0000000017950000,0x0000000017a50000)]
  0x0000000016ad0000 JavaThread "pool-1-thread-2" [_thread_in_Java, id=3308, stack(0x0000000017850000,0x0000000017950000)]
  0x0000000016aa8000 JavaThread "pool-2-thread-1" [_thread_blocked, id=9812, stack(0x0000000017750000,0x0000000017850000)]
  0x0000000016e5a800 JavaThread "pool-1-thread-1" [_thread_blocked, id=5544, stack(0x0000000017650000,0x0000000017750000)]
  0x0000000016852800 JavaThread "Service Thread" daemon [_thread_blocked, id=11176, stack(0x0000000016c50000,0x0000000016d50000)]
  0x0000000015059800 JavaThread "C1 CompilerThread2" daemon [_thread_blocked, id=2632, stack(0x0000000016750000,0x0000000016850000)]
=>0x0000000015056800 JavaThread "C2 CompilerThread1" daemon [_thread_in_native, id=4036, stack(0x0000000016650000,0x0000000016750000)]
  0x0000000014ffd000 JavaThread "C2 CompilerThread0" daemon [_thread_in_native, id=8724, stack(0x0000000016550000,0x0000000016650000)]
  0x0000000014ffb800 JavaThread "Attach Listener" daemon [_thread_blocked, id=7792, stack(0x0000000016450000,0x0000000016550000)]
  0x0000000014ffa000 JavaThread "Signal Dispatcher" daemon [_thread_blocked, id=5304, stack(0x0000000016350000,0x0000000016450000)]
  0x0000000002926800 JavaThread "Finalizer" daemon [_thread_blocked, id=5984, stack(0x0000000016250000,0x0000000016350000)]
  0x000000000291e000 JavaThread "Reference Handler" daemon [_thread_blocked, id=11768, stack(0x0000000016150000,0x0000000016250000)]
  0x0000000002830800 JavaThread "main" [_thread_in_vm, id=5532, stack(0x0000000002660000,0x0000000002760000)]

Other Threads:
  0x0000000014fc7000 VMThread [stack: 0x0000000016050000,0x0000000016150000] [id=5192]
  0x0000000016854000 WatcherThread [stack: 0x0000000016d50000,0x0000000016e50000] [id=5080]

VM state:not at safepoint (normal execution)

VM Mutex/Monitor currently owned by a thread: None

Heap:
 PSYoungGen      total 145408K, used 51050K [0x00000000eab00000, 0x00000000fa980000, 0x0000000100000000)
  eden space 124416K, 32% used [0x00000000eab00000,0x00000000ed1e6d28,0x00000000f2480000)
  from space 20992K, 53% used [0x00000000f2480000,0x00000000f2f73cf0,0x00000000f3900000)
  to   space 30720K, 0% used [0x00000000f8b80000,0x00000000f8b80000,0x00000000fa980000)
 ParOldGen       total 44032K, used 43940K [0x00000000c0000000, 0x00000000c2b00000, 0x00000000eab00000)
  object space 44032K, 99% used [0x00000000c0000000,0x00000000c2ae93d0,0x00000000c2b00000)
 Metaspace       used 6475K, capacity 7256K, committed 7424K, reserved 1056768K
  class space    used 614K, capacity 656K, committed 768K, reserved 1048576K

Card table byte_map: [0x0000000011cf0000,0x0000000011f00000] byte_map_base: 0x00000000116f0000

Marking Bits: (ParMarkBitMap*) 0x0000000073454040
 Begin Bits: [0x0000000012460000, 0x0000000013460000)
 End Bits:   [0x0000000013460000, 0x0000000014460000)

Polling page: 0x0000000000cf0000

CodeCache: size=245760Kb used=8020Kb max_used=8023Kb free=237739Kb
 bounds [0x0000000002930000, 0x0000000003110000, 0x0000000011930000]
 total_blobs=2302 nmethods=2032 adapters=182
 compilation: enabled

Compilation events (10 events):
Event: 4.594 Thread 0x0000000014ffd000 nmethod 2085 0x000000000310b3d0 code [0x000000000310b600, 0x000000000310cf90]
Event: 4.594 Thread 0x0000000014ffd000 2048   !   4       com.android.dx.cf.code.Ropper::processBlock (1101 bytes)
Event: 4.889 Thread 0x0000000015059800 2102   !   2       com.android.dx.dex.file.UniformListItem::getAlignment (40 bytes)
Event: 4.890 Thread 0x0000000015059800 nmethod 2102 0x00000000030fc290 code [0x00000000030fc420, 0x00000000030fc748]
Event: 4.895 Thread 0x0000000015059800 2103       1       com.android.dx.rop.cst.CstLiteral32::fitsInInt (2 bytes)
Event: 4.895 Thread 0x0000000015059800 nmethod 2103 0x00000000030ebe50 code [0x00000000030ebfa0, 0x00000000030ec0b0]
Event: 4.896 Thread 0x0000000015059800 2104 %     3       com.android.dx.ssa.back.FirstFitLocalCombiningAllocator::handleLocalAssociatedParams @ 15 (132 bytes)
Event: 4.897 Thread 0x0000000015059800 nmethod 2104% 0x00000000030fe050 code [0x00000000030fe2e0, 0x00000000030ff2c8]
Event: 4.923 Thread 0x0000000015059800 2105       2       com.android.dx.rop.code.SwitchInsn::<init> (49 bytes)
Event: 4.923 Thread 0x0000000015059800 nmethod 2105 0x00000000030fbc50 code [0x00000000030fbde0, 0x00000000030fc0e8]

GC Heap History (10 events):
Event: 1.863 GC heap before
{Heap before GC invocations=6 (full 0):
 PSYoungGen      total 35328K, used 35313K [0x00000000eab00000, 0x00000000efe00000, 0x0000000100000000)
  eden space 32768K, 100% used [0x00000000eab00000,0x00000000ecb00000,0x00000000ecb00000)
  from space 2560K, 99% used [0x00000000ecb00000,0x00000000ecd7c698,0x00000000ecd80000)
  to   space 9728K, 0% used [0x00000000ef480000,0x00000000ef480000,0x00000000efe00000)
 ParOldGen       total 44032K, used 13882K [0x00000000c0000000, 0x00000000c2b00000, 0x00000000eab00000)
  object space 44032K, 31% used [0x00000000c0000000,0x00000000c0d8ea48,0x00000000c2b00000)
 Metaspace       used 6242K, capacity 7152K, committed 7296K, reserved 1056768K
  class space    used 594K, capacity 616K, committed 640K, reserved 1048576K
Event: 1.884 GC heap after
Heap after GC invocations=6 (full 0):
 PSYoungGen      total 74240K, used 8244K [0x00000000eab00000, 0x00000000f0000000, 0x0000000100000000)
  eden space 64512K, 0% used [0x00000000eab00000,0x00000000eab00000,0x00000000eea00000)
  from space 9728K, 84% used [0x00000000ef480000,0x00000000efc8d2e8,0x00000000efe00000)
  to   space 10752K, 0% used [0x00000000eea00000,0x00000000eea00000,0x00000000ef480000)
 ParOldGen       total 44032K, used 13882K [0x00000000c0000000, 0x00000000c2b00000, 0x00000000eab00000)
  object space 44032K, 31% used [0x00000000c0000000,0x00000000c0d8ea48,0x00000000c2b00000)
 Metaspace       used 6242K, capacity 7152K, committed 7296K, reserved 1056768K
  class space    used 594K, capacity 616K, committed 640K, reserved 1048576K
}
Event: 2.478 GC heap before
{Heap before GC invocations=7 (full 0):
 PSYoungGen      total 74240K, used 72756K [0x00000000eab00000, 0x00000000f0000000, 0x0000000100000000)
  eden space 64512K, 100% used [0x00000000eab00000,0x00000000eea00000,0x00000000eea00000)
  from space 9728K, 84% used [0x00000000ef480000,0x00000000efc8d2e8,0x00000000efe00000)
  to   space 10752K, 0% used [0x00000000eea00000,0x00000000eea00000,0x00000000ef480000)
 ParOldGen       total 44032K, used 13882K [0x00000000c0000000, 0x00000000c2b00000, 0x00000000eab00000)
  object space 44032K, 31% used [0x00000000c0000000,0x00000000c0d8ea48,0x00000000c2b00000)
 Metaspace       used 6323K, capacity 7216K, committed 7296K, reserved 1056768K
  class space    used 594K, capacity 616K, committed 640K, reserved 1048576K
Event: 2.536 GC heap after
Heap after GC invocations=7 (full 0):
 PSYoungGen      total 75264K, used 10720K [0x00000000eab00000, 0x00000000f4900000, 0x0000000100000000)
  eden space 64512K, 0% used [0x00000000eab00000,0x00000000eab00000,0x00000000eea00000)
  from space 10752K, 99% used [0x00000000eea00000,0x00000000ef4780a0,0x00000000ef480000)
  to   space 16384K, 0% used [0x00000000f3900000,0x00000000f3900000,0x00000000f4900000)
 ParOldGen       total 44032K, used 20785K [0x00000000c0000000, 0x00000000c2b00000, 0x00000000eab00000)
  object space 44032K, 47% used [0x00000000c0000000,0x00000000c144c7c8,0x00000000c2b00000)
 Metaspace       used 6323K, capacity 7216K, committed 7296K, reserved 1056768K
  class space    used 594K, capacity 616K, committed 640K, reserved 1048576K
}
Event: 2.893 GC heap before
{Heap before GC invocations=8 (full 0):
 PSYoungGen      total 75264K, used 75232K [0x00000000eab00000, 0x00000000f4900000, 0x0000000100000000)
  eden space 64512K, 100% used [0x00000000eab00000,0x00000000eea00000,0x00000000eea00000)
  from space 10752K, 99% used [0x00000000eea00000,0x00000000ef4780a0,0x00000000ef480000)
  to   space 16384K, 0% used [0x00000000f3900000,0x00000000f3900000,0x00000000f4900000)
 ParOldGen       total 44032K, used 20785K [0x00000000c0000000, 0x00000000c2b00000, 0x00000000eab00000)
  object space 44032K, 47% used [0x00000000c0000000,0x00000000c144c7c8,0x00000000c2b00000)
 Metaspace       used 6350K, capacity 7216K, committed 7296K, reserved 1056768K
  class space    used 594K, capacity 616K, committed 640K, reserved 1048576K
Event: 2.936 GC heap after
Heap after GC invocations=8 (full 0):
 PSYoungGen      total 140800K, used 16368K [0x00000000eab00000, 0x00000000f5200000, 0x0000000100000000)
  eden space 124416K, 0% used [0x00000000eab00000,0x00000000eab00000,0x00000000f2480000)
  from space 16384K, 99% used [0x00000000f3900000,0x00000000f48fc030,0x00000000f4900000)
  to   space 20992K, 0% used [0x00000000f2480000,0x00000000f2480000,0x00000000f3900000)
 ParOldGen       total 44032K, used 25183K [0x00000000c0000000, 0x00000000c2b00000, 0x00000000eab00000)
  object space 44032K, 57% used [0x00000000c0000000,0x00000000c1897ce0,0x00000000c2b00000)
 Metaspace       used 6350K, capacity 7216K, committed 7296K, reserved 1056768K
  class space    used 594K, capacity 616K, committed 640K, reserved 1048576K
}
Event: 3.689 GC heap before
{Heap before GC invocations=9 (full 0):
 PSYoungGen      total 140800K, used 140784K [0x00000000eab00000, 0x00000000f5200000, 0x0000000100000000)
  eden space 124416K, 100% used [0x00000000eab00000,0x00000000f2480000,0x00000000f2480000)
  from space 16384K, 99% used [0x00000000f3900000,0x00000000f48fc030,0x00000000f4900000)
  to   space 20992K, 0% used [0x00000000f2480000,0x00000000f2480000,0x00000000f3900000)
 ParOldGen       total 44032K, used 25183K [0x00000000c0000000, 0x00000000c2b00000, 0x00000000eab00000)
  object space 44032K, 57% used [0x00000000c0000000,0x00000000c1897ce0,0x00000000c2b00000)
 Metaspace       used 6471K, capacity 7256K, committed 7424K, reserved 1056768K
  class space    used 614K, capacity 656K, committed 768K, reserved 1048576K
Event: 3.752 GC heap after
Heap after GC invocations=9 (full 0):
 PSYoungGen      total 145408K, used 20961K [0x00000000eab00000, 0x00000000fa980000, 0x0000000100000000)
  eden space 124416K, 0% used [0x00000000eab00000,0x00000000eab00000,0x00000000f2480000)
  from space 20992K, 99% used [0x00000000f2480000,0x00000000f38f86a8,0x00000000f3900000)
  to   space 30720K, 0% used [0x00000000f8b80000,0x00000000f8b80000,0x00000000fa980000)
 ParOldGen       total 44032K, used 39891K [0x00000000c0000000, 0x00000000c2b00000, 0x00000000eab00000)
  object space 44032K, 90% used [0x00000000c0000000,0x00000000c26f4c38,0x00000000c2b00000)
 Metaspace       used 6471K, capacity 7256K, committed 7424K, reserved 1056768K
  class space    used 614K, capacity 656K, committed 768K, reserved 1048576K
}
Event: 3.752 GC heap before
{Heap before GC invocations=10 (full 1):
 PSYoungGen      total 145408K, used 20961K [0x00000000eab00000, 0x00000000fa980000, 0x0000000100000000)
  eden space 124416K, 0% used [0x00000000eab00000,0x00000000eab00000,0x00000000f2480000)
  from space 20992K, 99% used [0x00000000f2480000,0x00000000f38f86a8,0x00000000f3900000)
  to   space 30720K, 0% used [0x00000000f8b80000,0x00000000f8b80000,0x00000000fa980000)
 ParOldGen       total 44032K, used 39891K [0x00000000c0000000, 0x00000000c2b00000, 0x00000000eab00000)
  object space 44032K, 90% used [0x00000000c0000000,0x00000000c26f4c38,0x00000000c2b00000)
 Metaspace       used 6471K, capacity 7256K, committed 7424K, reserved 1056768K
  class space    used 614K, capacity 656K, committed 768K, reserved 1048576K
Event: 4.508 GC heap after
Heap after GC invocations=10 (full 1):
 PSYoungGen      total 145408K, used 11215K [0x00000000eab00000, 0x00000000fa980000, 0x0000000100000000)
  eden space 124416K, 0% used [0x00000000eab00000,0x00000000eab00000,0x00000000f2480000)
  from space 20992K, 53% used [0x00000000f2480000,0x00000000f2f73cf0,0x00000000f3900000)
  to   space 30720K, 0% used [0x00000000f8b80000,0x00000000f8b80000,0x00000000fa980000)
 ParOldGen       total 44032K, used 43940K [0x00000000c0000000, 0x00000000c2b00000, 0x00000000eab00000)
  object space 44032K, 99% used [0x00000000c0000000,0x00000000c2ae93d0,0x00000000c2b00000)
 Metaspace       used 6471K, capacity 7256K, committed 7424K, reserved 1056768K
  class space    used 614K, capacity 656K, committed 768K, reserved 1048576K
}

Deoptimization events (10 events):
Event: 1.902 Thread 0x0000000016ad0000 Uncommon trap: reason=unstable_if action=reinterpret pc=0x0000000002daf07c method=com.android.dx.util.IntList.binarysearch(I)I @ 105
Event: 1.926 Thread 0x0000000016aea000 Uncommon trap: reason=bimorphic action=maybe_recompile pc=0x0000000002f38bac method=com.android.dx.cf.code.BytecodeArray.parseInstruction(ILcom/android/dx/cf/code/BytecodeArray$Visitor;)I @ 1130
Event: 1.926 Thread 0x0000000016aea000 Uncommon trap: reason=bimorphic action=maybe_recompile pc=0x0000000002f38bac method=com.android.dx.cf.code.BytecodeArray.parseInstruction(ILcom/android/dx/cf/code/BytecodeArray$Visitor;)I @ 1130
Event: 1.950 Thread 0x0000000016ad0800 Uncommon trap: reason=uninitialized action=reinterpret pc=0x0000000002f3856c method=com.android.dx.cf.code.BytecodeArray.parseInstruction(ILcom/android/dx/cf/code/BytecodeArray$Visitor;)I @ 999
Event: 2.270 Thread 0x0000000016ad0800 Uncommon trap: reason=unstable_if action=reinterpret pc=0x0000000002edd5cc method=com.android.dx.ssa.SCCP.simulateStmt(Lcom/android/dx/ssa/SsaInsn;)V @ 53
Event: 2.279 Thread 0x0000000016ad0800 Uncommon trap: reason=unstable_if action=reinterpret pc=0x0000000002f815ac method=com.android.dx.ssa.SCCP.simulateBranch(Lcom/android/dx/ssa/SsaInsn;)V @ 548
Event: 2.365 Thread 0x0000000016ad0800 Uncommon trap: reason=class_check action=maybe_recompile pc=0x0000000002db5484 method=java.util.HashMap.putVal(ILjava/lang/Object;Ljava/lang/Object;ZZ)Ljava/lang/Object; @ 203
Event: 3.166 Thread 0x0000000016ad0000 Uncommon trap: reason=unstable_if action=reinterpret pc=0x0000000002c43350 method=java.util.HashMap.putVal(ILjava/lang/Object;Ljava/lang/Object;ZZ)Ljava/lang/Object; @ 162
Event: 3.386 Thread 0x0000000016e5a800 Uncommon trap: reason=unstable_if action=reinterpret pc=0x0000000002f26b98 method=java.util.HashMap.getNode(ILjava/lang/Object;)Ljava/util/HashMap$Node; @ 84
Event: 3.417 Thread 0x0000000016ad0800 Uncommon trap: reason=unstable_if action=reinterpret pc=0x00000000030563a8 method=java.util.HashMap.putVal(ILjava/lang/Object;Ljava/lang/Object;ZZ)Ljava/lang/Object; @ 109

Internal exceptions (6 events):
Event: 0.213 Thread 0x0000000002830800 Exception <a 'java/lang/NoSuchMethodError': Method sun.misc.Unsafe.defineClass(Ljava/lang/String;[BII)Ljava/lang/Class; name or signature does not match> (0x00000000eab0d568) thrown at [D:\re\workspace\8-2-build-windows-amd64-cygwin\jdk8u40\2855\hotspot\srQCñ‡DË?
Event: 0.213 Thread 0x0000000002830800 Exception <a 'java/lang/NoSuchMethodError': Method sun.misc.Unsafe.prefetchRead(Ljava/lang/Object;J)V name or signature does not match> (0x00000000eab0d7f8) thrown at [D:\re\workspace\8-2-build-windows-amd64-cygwin\jdk8u40\2855\hotspot\src\share\vm\prims\jv	‘k€œï?
Event: 0.988 Thread 0x0000000016aea000 Implicit null exception at 0x0000000002c15962 to 0x0000000002c15a65
Event: 3.219 Thread 0x0000000016ad0000 Exception <a 'java/lang/ArrayIndexOutOfBoundsException': 18> (0x00000000ed2f5f28) thrown at [D:\re\workspace\8-2-build-windows-amd64-cygwin\jdk8u40\2855\hotspot\src\share\vm\interpreter\interpreterRuntime.cpp, line 366]
Event: 3.220 Thread 0x0000000016ad0000 Exception <a 'java/lang/ArrayIndexOutOfBoundsException'> (0x00000000ed2f79f8) thrown at [D:\re\workspace\8-2-build-windows-amd64-cygwin\jdk8u40\2855\hotspot\src\share\vm\runtime\sharedRuntime.cpp, line 605]
Event: 3.232 Thread 0x0000000016ad0000 Exception <a 'java/lang/ArrayIndexOutOfBoundsException'> (0x00000000ed2f8c30) thrown at [D:\re\workspace\8-2-build-windows-amd64-cygwin\jdk8u40\2855\hotspot\src\share\vm\runtime\sharedRuntime.cpp, line 605]

Events (10 events):
Event: 3.689 Executing VM operation: ParallelGCFailedAllocation
Event: 4.508 Executing VM operation: ParallelGCFailedAllocation done
Event: 4.525 Thread 0x0000000016aea000 DEOPT PACKING pc=0x0000000002de2ce1 sp=0x0000000017b4e830
Event: 4.525 Thread 0x0000000016aea000 DEOPT UNPACKING pc=0x000000000297787f sp=0x0000000017b4e660 mode 0
Event: 4.542 Thread 0x0000000016aea000 DEOPT PACKING pc=0x0000000002df7719 sp=0x0000000017b4e8f0
Event: 4.542 Thread 0x0000000016aea000 DEOPT UNPACKING pc=0x000000000297787f sp=0x0000000017b4e680 mode 0
Event: 4.563 Thread 0x0000000016e5a800 DEOPT PACKING pc=0x0000000002de2ce1 sp=0x000000001774e850
Event: 4.563 Thread 0x0000000016e5a800 DEOPT UNPACKING pc=0x000000000297787f sp=0x000000001774e680 mode 0
Event: 4.626 Thread 0x0000000016ad0800 DEOPT PACKING pc=0x0000000002df7719 sp=0x0000000017a4ecc0
Event: 4.626 Thread 0x0000000016ad0800 DEOPT UNPACKING pc=0x000000000297787f sp=0x0000000017a4ea50 mode 0


Dynamic libraries:
0x00007ff6a1c80000 - 0x00007ff6a1cb7000 	C:\Program Files\Java\jdk1.8.0_40\bin\java.exe
0x00007ff9fd080000 - 0x00007ff9fd22c000 	C:\WINDOWS\SYSTEM32\ntdll.dll
0x00007ff9fcc20000 - 0x00007ff9fcd5e000 	C:\WINDOWS\system32\KERNEL32.DLL
0x00007ff9fa530000 - 0x00007ff9fa645000 	C:\WINDOWS\system32\KERNELBASE.dll
0x00007ff9f8d70000 - 0x00007ff9f8dfe000 	C:\WINDOWS\system32\apphelp.dll
0x00007ff9e2010000 - 0x00007ff9e2063000 	C:\WINDOWS\AppPatch\AppPatch64\AcGenral.DLL
0x00007ff9fc860000 - 0x00007ff9fc90a000 	C:\WINDOWS\system32\msvcrt.dll
0x00007ff9fa000000 - 0x00007ff9fa02e000 	C:\WINDOWS\SYSTEM32\SspiCli.dll
0x00007ff9fbd00000 - 0x00007ff9fbd54000 	C:\WINDOWS\system32\SHLWAPI.dll
0x00007ff9fc670000 - 0x00007ff9fc7e7000 	C:\WINDOWS\system32\USER32.dll
0x00007ff9fc320000 - 0x00007ff9fc4b4000 	C:\WINDOWS\system32\ole32.dll
0x00007ff9fa700000 - 0x00007ff9fbc2b000 	C:\WINDOWS\system32\SHELL32.dll
0x00007ff9f9aa0000 - 0x00007ff9f9ac1000 	C:\WINDOWS\SYSTEM32\USERENV.dll
0x00007ff9fca90000 - 0x00007ff9fcb3a000 	C:\WINDOWS\system32\ADVAPI32.dll
0x00007ff9ef8d0000 - 0x00007ff9ef8ee000 	C:\WINDOWS\SYSTEM32\MPR.dll
0x00007ff9fc520000 - 0x00007ff9fc661000 	C:\WINDOWS\system32\RPCRT4.dll
0x00007ff9fc2c0000 - 0x00007ff9fc319000 	C:\WINDOWS\SYSTEM32\sechost.dll
0x00007ff9fcd60000 - 0x00007ff9fcf71000 	C:\WINDOWS\SYSTEM32\combase.dll
0x00007ff9fc160000 - 0x00007ff9fc2b0000 	C:\WINDOWS\system32\GDI32.dll
0x00007ff9fa1d0000 - 0x00007ff9fa1e5000 	C:\WINDOWS\SYSTEM32\profapi.dll
0x00007ff9f8720000 - 0x00007ff9f87d2000 	C:\WINDOWS\SYSTEM32\SHCORE.dll
0x00007ff9fcf80000 - 0x00007ff9fcfb6000 	C:\WINDOWS\system32\IMM32.DLL
0x00007ff9fc930000 - 0x00007ff9fca82000 	C:\WINDOWS\system32\MSCTF.dll
0x00007ff9f80d0000 - 0x00007ff9f834b000 	C:\WINDOWS\WinSxS\amd64_microsoft.windows.common-controls_6595b64144ccf1df_6.0.9600.18006_none_623f33d3ecbe86e8\COMCTL32.dll
0x00000000726a0000 - 0x0000000072772000 	C:\Program Files\Java\jdk1.8.0_40\jre\bin\msvcr100.dll
0x0000000072c50000 - 0x00000000734d3000 	C:\Program Files\Java\jdk1.8.0_40\jre\bin\server\jvm.dll
0x00007ff9f8490000 - 0x00007ff9f8499000 	C:\WINDOWS\SYSTEM32\WSOCK32.dll
0x00007ff9f7bc0000 - 0x00007ff9f7be2000 	C:\WINDOWS\SYSTEM32\WINMM.dll
0x00007ff9f7c60000 - 0x00007ff9f7c6a000 	C:\WINDOWS\SYSTEM32\VERSION.dll
0x00007ff9fbcf0000 - 0x00007ff9fbcf7000 	C:\WINDOWS\system32\PSAPI.DLL
0x00007ff9fc100000 - 0x00007ff9fc15a000 	C:\WINDOWS\system32\WS2_32.dll
0x00007ff9f6e10000 - 0x00007ff9f6e3a000 	C:\WINDOWS\SYSTEM32\WINMMBASE.dll
0x00007ff9fc2b0000 - 0x00007ff9fc2b9000 	C:\WINDOWS\system32\NSI.dll
0x00007ff9fa650000 - 0x00007ff9fa69f000 	C:\WINDOWS\SYSTEM32\cfgmgr32.dll
0x00007ff9f8fe0000 - 0x00007ff9f9008000 	C:\WINDOWS\SYSTEM32\DEVOBJ.dll
0x0000000072b60000 - 0x0000000072b6f000 	C:\Program Files\Java\jdk1.8.0_40\jre\bin\verify.dll
0x0000000072b30000 - 0x0000000072b59000 	C:\Program Files\Java\jdk1.8.0_40\jre\bin\java.dll
0x0000000072b10000 - 0x0000000072b26000 	C:\Program Files\Java\jdk1.8.0_40\jre\bin\zip.dll
0x00007ff9f5140000 - 0x00007ff9f52c9000 	C:\WINDOWS\SYSTEM32\dbghelp.dll

VM Arguments:
jvm_args: -Djava.awt.headless=true -Xmx1024M -Dfile.encoding=windows-1252 -Duser.country=FR -Duser.language=fr -Duser.variant 
java_command: com.android.dx.command.Main --dex --num-threads=4 --output C:\Users\Amandine\AndroidStudioProjects\PFE_NDAR\app\build\intermediates\pre-dexed\debug\com.android.support-support-v4-23.1.1_e275d1290ccc7c9b0ac8d24fa427fe35b469db96.jar C:\Users\Amandine\AndroidStudioProjects\PFE_NDAR\app\build\intermediates\exploded-aar\com.android.support\support-v4\23.1.1\jars\classes.jar
java_class_path (initial): C:\Users\Amandine\AppData\Local\Android\sdk\build-tools\23.0.2\lib\dx.jar
Launcher Type: SUN_STANDARD

Environment Variables:
PATH=C:\ProgramData\Oracle\Java\javapath;C:\WINDOWS\system32;C:\WINDOWS;C:\WINDOWS\System32\Wbem;C:\WINDOWS\System32\WindowsPowerShell\v1.0\;C:\Program Files\MySQL\MySQL Server 5.6\bin;C:\Program Files (x86)\MySQL\MySQL Server 5.5\bin;C:\Program Files (x86)\NVIDIA Corporation\PhysX\Common;C:\WINDOWS\system32\config\systemprofile\.dnx\bin;C:\Program Files\Microsoft DNX\Dnvm\;C:\Program Files (x86)\Windows Kits\8.1\Windows Performance Toolkit\;C:\Program Files\nodejs\;C:\MinGW\bin;C:\Users\Amandine\AppData\Roaming\npm
USERNAME=Amandine
OS=Windows_NT
PROCESSOR_IDENTIFIER=Intel64 Family 6 Model 69 Stepping 1, GenuineIntel



---------------  S Y S T E M  ---------------

OS: Windows 8.1 , 64 bit Build 9600 (6.3.9600.17415)

CPU:total 4 (2 cores per cpu, 2 threads per core) family 6 model 69 stepping 1, cmov, cx8, fxsr, mmx, sse, sse2, sse3, ssse3, sse4.1, sse4.2, popcnt, avx, avx2, aes, clmul, erms, lzcnt, ht, tsc, tscinvbit, bmi1, bmi2

Memory: 4k page, physical 4122776k(128860k free), swap 7268504k(9724k free)

vm_info: Java HotSpot(TM) 64-Bit Server VM (25.40-b25) for windows-amd64 JRE (1.8.0_40-b25), built on Feb 10 2015 21:53:57 by "java_re" with MS VC++ 10.0 (VS2010)

time: Fri Jan 22 01:30:35 2016
elapsed time: 5 seconds (0d 0h 0m 5s)

