#
# There is insufficient memory for the Java Runtime Environment to continue.
# Native memory allocation (malloc) failed to allocate 1164816 bytes for Chunk::new
# Possible reasons:
#   The system is out of physical RAM or swap space
#   In 32 bit mode, the process size limit was hit
# Possible solutions:
#   Reduce memory load on the system
#   Increase physical memory or swap space
#   Check if swap backing store is full
#   Use 64 bit Java on a 64 bit OS
#   Decrease Java heap size (-Xmx/-Xms)
#   Decrease number of Java threads
#   Decrease Java thread stack sizes (-Xss)
#   Set larger code cache with -XX:ReservedCodeCacheSize=
# This output file may be truncated or incomplete.
#
#  Out of Memory Error (allocation.cpp:390), pid=9212, tid=7912
#
# JRE version: Java(TM) SE Runtime Environment (8.0_40-b25) (build 1.8.0_40-b25)
# Java VM: Java HotSpot(TM) 64-Bit Server VM (25.40-b25 mixed mode windows-amd64 compressed oops)
# Failed to write core dump. Minidumps are not enabled by default on client versions of Windows
#

---------------  T H R E A D  ---------------

Current thread (0x00000000148cc000):  JavaThread "C2 CompilerThread0" daemon [_thread_in_native, id=7912, stack(0x0000000015e30000,0x0000000015f30000)]

Stack: [0x0000000015e30000,0x0000000015f30000]
Native frames: (J=compiled Java code, j=interpreted, Vv=VM code, C=native code)
V  [jvm.dll+0x32b47a]
V  [jvm.dll+0x2797f3]
V  [jvm.dll+0x27a489]
V  [jvm.dll+0x2717a5]
V  [jvm.dll+0xcb9a2]
V  [jvm.dll+0xcbe6c]
V  [jvm.dll+0x49294c]
V  [jvm.dll+0x45f77f]
V  [jvm.dll+0x46a73b]
V  [jvm.dll+0x46cd52]
V  [jvm.dll+0x4500d2]
V  [jvm.dll+0xa4312]
V  [jvm.dll+0xa4c4f]
V  [jvm.dll+0x241914]
V  [jvm.dll+0x29848a]
C  [msvcr100.dll+0x21d9f]
C  [msvcr100.dll+0x21e3b]
C  [KERNEL32.DLL+0x13d2]
C  [ntdll.dll+0x15464]


Current CompileTask:
C2:   6789 2030       4       com.android.dx.rop.code.Rops::ropFor (771 bytes)


---------------  P R O C E S S  ---------------

Java Threads: ( => current thread )
  0x0000000016135800 JavaThread "Service Thread" daemon [_thread_blocked, id=3488, stack(0x0000000016530000,0x0000000016630000)]
  0x000000001492c000 JavaThread "C1 CompilerThread2" daemon [_thread_blocked, id=7728, stack(0x0000000016030000,0x0000000016130000)]
  0x000000001491d800 JavaThread "C2 CompilerThread1" daemon [_thread_in_native, id=7488, stack(0x0000000015f30000,0x0000000016030000)]
=>0x00000000148cc000 JavaThread "C2 CompilerThread0" daemon [_thread_in_native, id=7912, stack(0x0000000015e30000,0x0000000015f30000)]
  0x00000000148ca800 JavaThread "Attach Listener" daemon [_thread_blocked, id=5468, stack(0x0000000015d30000,0x0000000015e30000)]
  0x00000000148c9800 JavaThread "Signal Dispatcher" daemon [_thread_blocked, id=896, stack(0x0000000015c30000,0x0000000015d30000)]
  0x00000000021d6800 JavaThread "Finalizer" daemon [_thread_blocked, id=7300, stack(0x0000000015b20000,0x0000000015c20000)]
  0x00000000021ce000 JavaThread "Reference Handler" daemon [_thread_blocked, id=3112, stack(0x0000000015a20000,0x0000000015b20000)]
  0x00000000020e0800 JavaThread "main" [_thread_in_Java, id=1776, stack(0x0000000001fa0000,0x00000000020a0000)]

Other Threads:
  0x0000000014897000 VMThread [stack: 0x0000000015920000,0x0000000015a20000] [id=11336]
  0x0000000016136800 WatcherThread [stack: 0x0000000016630000,0x0000000016730000] [id=3024]

VM state:not at safepoint (normal execution)

VM Mutex/Monitor currently owned by a thread: None

Heap:
 PSYoungGen      total 145408K, used 136153K [0x00000000eab00000, 0x00000000f5100000, 0x0000000100000000)
  eden space 125440K, 99% used [0x00000000eab00000,0x00000000f2503f10,0x00000000f2580000)
  from space 19968K, 56% used [0x00000000f2580000,0x00000000f3072538,0x00000000f3900000)
  to   space 15360K, 0% used [0x00000000f3900000,0x00000000f3900000,0x00000000f4800000)
 ParOldGen       total 44032K, used 43703K [0x00000000c0000000, 0x00000000c2b00000, 0x00000000eab00000)
  object space 44032K, 99% used [0x00000000c0000000,0x00000000c2aadff8,0x00000000c2b00000)
 Metaspace       used 6780K, capacity 7544K, committed 7680K, reserved 1056768K
  class space    used 633K, capacity 688K, committed 768K, reserved 1048576K

Card table byte_map: [0x00000000115a0000,0x00000000117b0000] byte_map_base: 0x0000000010fa0000

Marking Bits: (ParMarkBitMap*) 0x0000000073454040
 Begin Bits: [0x0000000011d10000, 0x0000000012d10000)
 End Bits:   [0x0000000012d10000, 0x0000000013d10000)

Polling page: 0x00000000020a0000

CodeCache: size=245760Kb used=9379Kb max_used=9379Kb free=236380Kb
 bounds [0x00000000021e0000, 0x0000000002b20000, 0x00000000111e0000]
 total_blobs=2647 nmethods=2377 adapters=182
 compilation: enabled

Compilation events (10 events):
Event: 6.650 Thread 0x000000001492c000 2431       2       java.util.ArrayList::toArray (60 bytes)
Event: 6.651 Thread 0x000000001492c000 nmethod 2431 0x0000000002b08d50 code [0x0000000002b08ec0, 0x0000000002b09238]
Event: 6.652 Thread 0x000000001492c000 2432       1       com.android.dx.dex.code.form.Form10x::codeSize (2 bytes)
Event: 6.652 Thread 0x000000001492c000 nmethod 2432 0x0000000002b09350 code [0x0000000002b094a0, 0x0000000002b095b0]
Event: 6.656 Thread 0x000000001492c000 2433       2       com.android.dx.dex.code.form.Form10t::isCompatible (41 bytes)
Event: 6.657 Thread 0x000000001492c000 nmethod 2433 0x0000000002b09610 code [0x0000000002b097a0, 0x0000000002b09b98]
Event: 6.658 Thread 0x000000001492c000 2434       2       com.android.dx.dex.code.OutputFinisher::finishProcessingAndGetList (74 bytes)
Event: 6.658 Thread 0x000000001492c000 nmethod 2434 0x0000000002b09f10 code [0x0000000002b0a0e0, 0x0000000002b0a478]
Event: 6.659 Thread 0x000000001492c000 2435       2       com.android.dx.dex.file.OffsettedItem::setWriteSize (37 bytes)
Event: 6.659 Thread 0x000000001492c000 nmethod 2435 0x0000000002b0a6d0 code [0x0000000002b0a860, 0x0000000002b0ab18]

GC Heap History (10 events):
Event: 2.079 GC heap before
{Heap before GC invocations=6 (full 0):
 PSYoungGen      total 35328K, used 35327K [0x00000000eab00000, 0x00000000efe00000, 0x0000000100000000)
  eden space 32768K, 100% used [0x00000000eab00000,0x00000000ecb00000,0x00000000ecb00000)
  from space 2560K, 99% used [0x00000000ecb00000,0x00000000ecd7fd40,0x00000000ecd80000)
  to   space 9728K, 0% used [0x00000000ef480000,0x00000000ef480000,0x00000000efe00000)
 ParOldGen       total 44032K, used 13541K [0x00000000c0000000, 0x00000000c2b00000, 0x00000000eab00000)
  object space 44032K, 30% used [0x00000000c0000000,0x00000000c0d396f0,0x00000000c2b00000)
 Metaspace       used 6233K, capacity 7152K, committed 7296K, reserved 1056768K
  class space    used 594K, capacity 616K, committed 640K, reserved 1048576K
Event: 2.135 GC heap after
Heap after GC invocations=6 (full 0):
 PSYoungGen      total 74752K, used 7375K [0x00000000eab00000, 0x00000000eff00000, 0x0000000100000000)
  eden space 65024K, 0% used [0x00000000eab00000,0x00000000eab00000,0x00000000eea80000)
  from space 9728K, 75% used [0x00000000ef480000,0x00000000efbb3d50,0x00000000efe00000)
  to   space 10240K, 0% used [0x00000000eea80000,0x00000000eea80000,0x00000000ef480000)
 ParOldGen       total 44032K, used 13549K [0x00000000c0000000, 0x00000000c2b00000, 0x00000000eab00000)
  object space 44032K, 30% used [0x00000000c0000000,0x00000000c0d3b6f0,0x00000000c2b00000)
 Metaspace       used 6233K, capacity 7152K, committed 7296K, reserved 1056768K
  class space    used 594K, capacity 616K, committed 640K, reserved 1048576K
}
Event: 2.588 GC heap before
{Heap before GC invocations=7 (full 0):
 PSYoungGen      total 74752K, used 72399K [0x00000000eab00000, 0x00000000eff00000, 0x0000000100000000)
  eden space 65024K, 100% used [0x00000000eab00000,0x00000000eea80000,0x00000000eea80000)
  from space 9728K, 75% used [0x00000000ef480000,0x00000000efbb3d50,0x00000000efe00000)
  to   space 10240K, 0% used [0x00000000eea80000,0x00000000eea80000,0x00000000ef480000)
 ParOldGen       total 44032K, used 13549K [0x00000000c0000000, 0x00000000c2b00000, 0x00000000eab00000)
  object space 44032K, 30% used [0x00000000c0000000,0x00000000c0d3b6f0,0x00000000c2b00000)
 Metaspace       used 6318K, capacity 7216K, committed 7296K, reserved 1056768K
  class space    used 594K, capacity 616K, committed 640K, reserved 1048576K
Event: 2.629 GC heap after
Heap after GC invocations=7 (full 0):
 PSYoungGen      total 75264K, used 10223K [0x00000000eab00000, 0x00000000f4800000, 0x0000000100000000)
  eden space 65024K, 0% used [0x00000000eab00000,0x00000000eab00000,0x00000000eea80000)
  from space 10240K, 99% used [0x00000000eea80000,0x00000000ef47bd18,0x00000000ef480000)
  to   space 15360K, 0% used [0x00000000f3900000,0x00000000f3900000,0x00000000f4800000)
 ParOldGen       total 44032K, used 20447K [0x00000000c0000000, 0x00000000c2b00000, 0x00000000eab00000)
  object space 44032K, 46% used [0x00000000c0000000,0x00000000c13f7ca8,0x00000000c2b00000)
 Metaspace       used 6318K, capacity 7216K, committed 7296K, reserved 1056768K
  class space    used 594K, capacity 616K, committed 640K, reserved 1048576K
}
Event: 2.938 GC heap before
{Heap before GC invocations=8 (full 0):
 PSYoungGen      total 75264K, used 75247K [0x00000000eab00000, 0x00000000f4800000, 0x0000000100000000)
  eden space 65024K, 100% used [0x00000000eab00000,0x00000000eea80000,0x00000000eea80000)
  from space 10240K, 99% used [0x00000000eea80000,0x00000000ef47bd18,0x00000000ef480000)
  to   space 15360K, 0% used [0x00000000f3900000,0x00000000f3900000,0x00000000f4800000)
 ParOldGen       total 44032K, used 20447K [0x00000000c0000000, 0x00000000c2b00000, 0x00000000eab00000)
  object space 44032K, 46% used [0x00000000c0000000,0x00000000c13f7ca8,0x00000000c2b00000)
 Metaspace       used 6361K, capacity 7216K, committed 7296K, reserved 1056768K
  class space    used 594K, capacity 616K, committed 640K, reserved 1048576K
Event: 2.977 GC heap after
Heap after GC invocations=8 (full 0):
 PSYoungGen      total 140800K, used 15328K [0x00000000eab00000, 0x00000000f5100000, 0x0000000100000000)
  eden space 125440K, 0% used [0x00000000eab00000,0x00000000eab00000,0x00000000f2580000)
  from space 15360K, 99% used [0x00000000f3900000,0x00000000f47f8020,0x00000000f4800000)
  to   space 19968K, 0% used [0x00000000f2580000,0x00000000f2580000,0x00000000f3900000)
 ParOldGen       total 44032K, used 25419K [0x00000000c0000000, 0x00000000c2b00000, 0x00000000eab00000)
  object space 44032K, 57% used [0x00000000c0000000,0x00000000c18d2d08,0x00000000c2b00000)
 Metaspace       used 6361K, capacity 7216K, committed 7296K, reserved 1056768K
  class space    used 594K, capacity 616K, committed 640K, reserved 1048576K
}
Event: 3.836 GC heap before
{Heap before GC invocations=9 (full 0):
 PSYoungGen      total 140800K, used 140768K [0x00000000eab00000, 0x00000000f5100000, 0x0000000100000000)
  eden space 125440K, 100% used [0x00000000eab00000,0x00000000f2580000,0x00000000f2580000)
  from space 15360K, 99% used [0x00000000f3900000,0x00000000f47f8020,0x00000000f4800000)
  to   space 19968K, 0% used [0x00000000f2580000,0x00000000f2580000,0x00000000f3900000)
 ParOldGen       total 44032K, used 25419K [0x00000000c0000000, 0x00000000c2b00000, 0x00000000eab00000)
  object space 44032K, 57% used [0x00000000c0000000,0x00000000c18d2d08,0x00000000c2b00000)
 Metaspace       used 6469K, capacity 7256K, committed 7424K, reserved 1056768K
  class space    used 614K, capacity 656K, committed 768K, reserved 1048576K
Event: 3.911 GC heap after
Heap after GC invocations=9 (full 0):
 PSYoungGen      total 145408K, used 19948K [0x00000000eab00000, 0x00000000f5100000, 0x0000000100000000)
  eden space 125440K, 0% used [0x00000000eab00000,0x00000000eab00000,0x00000000f2580000)
  from space 19968K, 99% used [0x00000000f2580000,0x00000000f38fb210,0x00000000f3900000)
  to   space 15360K, 0% used [0x00000000f3900000,0x00000000f3900000,0x00000000f4800000)
 ParOldGen       total 44032K, used 39682K [0x00000000c0000000, 0x00000000c2b00000, 0x00000000eab00000)
  object space 44032K, 90% used [0x00000000c0000000,0x00000000c26c0ac8,0x00000000c2b00000)
 Metaspace       used 6469K, capacity 7256K, committed 7424K, reserved 1056768K
  class space    used 614K, capacity 656K, committed 768K, reserved 1048576K
}
Event: 3.911 GC heap before
{Heap before GC invocations=10 (full 1):
 PSYoungGen      total 145408K, used 19948K [0x00000000eab00000, 0x00000000f5100000, 0x0000000100000000)
  eden space 125440K, 0% used [0x00000000eab00000,0x00000000eab00000,0x00000000f2580000)
  from space 19968K, 99% used [0x00000000f2580000,0x00000000f38fb210,0x00000000f3900000)
  to   space 15360K, 0% used [0x00000000f3900000,0x00000000f3900000,0x00000000f4800000)
 ParOldGen       total 44032K, used 39682K [0x00000000c0000000, 0x00000000c2b00000, 0x00000000eab00000)
  object space 44032K, 90% used [0x00000000c0000000,0x00000000c26c0ac8,0x00000000c2b00000)
 Metaspace       used 6469K, capacity 7256K, committed 7424K, reserved 1056768K
  class space    used 614K, capacity 656K, committed 768K, reserved 1048576K
Event: 4.538 GC heap after
Heap after GC invocations=10 (full 1):
 PSYoungGen      total 145408K, used 11209K [0x00000000eab00000, 0x00000000f5100000, 0x0000000100000000)
  eden space 125440K, 0% used [0x00000000eab00000,0x00000000eab00000,0x00000000f2580000)
  from space 19968K, 56% used [0x00000000f2580000,0x00000000f3072538,0x00000000f3900000)
  to   space 15360K, 0% used [0x00000000f3900000,0x00000000f3900000,0x00000000f4800000)
 ParOldGen       total 44032K, used 43703K [0x00000000c0000000, 0x00000000c2b00000, 0x00000000eab00000)
  object space 44032K, 99% used [0x00000000c0000000,0x00000000c2aadff8,0x00000000c2b00000)
 Metaspace       used 6469K, capacity 7256K, committed 7424K, reserved 1056768K
  class space    used 614K, capacity 656K, committed 768K, reserved 1048576K
}

Deoptimization events (10 events):
Event: 5.488 Thread 0x0000000016732000 Uncommon trap: reason=unstable_if action=reinterpret pc=0x000000000291b0a8 method=java.util.HashMap.resize()[Ljava/util/HashMap$Node; @ 206
Event: 5.655 Thread 0x00000000020e0800 Uncommon trap: reason=class_check action=maybe_recompile pc=0x00000000025ef618 method=java.util.Arrays.hashCode([Ljava/lang/Object;)I @ 43
Event: 5.655 Thread 0x00000000020e0800 Uncommon trap: reason=class_check action=maybe_recompile pc=0x00000000025ef618 method=java.util.Arrays.hashCode([Ljava/lang/Object;)I @ 43
Event: 5.656 Thread 0x00000000020e0800 Uncommon trap: reason=class_check action=maybe_recompile pc=0x00000000025ef618 method=java.util.Arrays.hashCode([Ljava/lang/Object;)I @ 43
Event: 5.656 Thread 0x00000000020e0800 Uncommon trap: reason=class_check action=maybe_recompile pc=0x00000000025ef618 method=java.util.Arrays.hashCode([Ljava/lang/Object;)I @ 43
Event: 6.467 Thread 0x00000000020e0800 Uncommon trap: reason=speculate_class_check action=maybe_recompile pc=0x00000000025443fc method=com.android.dx.util.FixedSizeList.equals(Ljava/lang/Object;)Z @ 25
Event: 6.467 Thread 0x00000000020e0800 Uncommon trap: reason=speculate_class_check action=maybe_recompile pc=0x00000000025443fc method=com.android.dx.util.FixedSizeList.equals(Ljava/lang/Object;)Z @ 25
Event: 6.467 Thread 0x00000000020e0800 Uncommon trap: reason=speculate_class_check action=maybe_recompile pc=0x00000000025443fc method=com.android.dx.util.FixedSizeList.equals(Ljava/lang/Object;)Z @ 25
Event: 6.468 Thread 0x00000000020e0800 Uncommon trap: reason=speculate_class_check action=maybe_recompile pc=0x00000000025443fc method=com.android.dx.util.FixedSizeList.equals(Ljava/lang/Object;)Z @ 25
Event: 6.468 Thread 0x00000000020e0800 Uncommon trap: reason=unstable_if action=reinterpret pc=0x00000000029e252c method=java.util.TreeMap.put(Ljava/lang/Object;Ljava/lang/Object;)Ljava/lang/Object; @ 163

Internal exceptions (6 events):
Event: 0.045 Thread 0x00000000020e0800 Exception <a 'java/lang/NoSuchMethodError': Method sun.misc.Unsafe.defineClass(Ljava/lang/String;[BII)Ljava/lang/Class; name or signature does not match> (0x00000000eab0d3e8) thrown at [D:\re\workspace\8-2-build-windows-amd64-cygwin\jdk8u40\2855\hotspot\sr´–ø;§?
Event: 0.045 Thread 0x00000000020e0800 Exception <a 'java/lang/NoSuchMethodError': Method sun.misc.Unsafe.prefetchRead(Ljava/lang/Object;J)V name or signature does not match> (0x00000000eab0d678) thrown at [D:\re\workspace\8-2-build-windows-amd64-cygwin\jdk8u40\2855\hotspot\src\share\vm\prims\j^WÃoì?
Event: 0.889 Thread 0x0000000016732000 Implicit null exception at 0x00000000024e7622 to 0x00000000024e7725
Event: 3.494 Thread 0x0000000016732000 Exception <a 'java/lang/ArrayIndexOutOfBoundsException': 18> (0x00000000ed7cb388) thrown at [D:\re\workspace\8-2-build-windows-amd64-cygwin\jdk8u40\2855\hotspot\src\share\vm\interpreter\interpreterRuntime.cpp, line 366]
Event: 3.495 Thread 0x0000000016732000 Exception <a 'java/lang/ArrayIndexOutOfBoundsException': 145> (0x00000000ed7cce58) thrown at [D:\re\workspace\8-2-build-windows-amd64-cygwin\jdk8u40\2855\hotspot\src\share\vm\interpreter\interpreterRuntime.cpp, line 366]
Event: 3.497 Thread 0x0000000016732000 Exception <a 'java/lang/ArrayIndexOutOfBoundsException'> (0x00000000ed7ce090) thrown at [D:\re\workspace\8-2-build-windows-amd64-cygwin\jdk8u40\2855\hotspot\src\share\vm\runtime\sharedRuntime.cpp, line 605]

Events (10 events):
Event: 6.631 Thread 0x00000000020e0800 DEOPT PACKING pc=0x0000000002abeee3 sp=0x000000000209f1e0
Event: 6.631 Thread 0x00000000020e0800 DEOPT UNPACKING pc=0x000000000222787f sp=0x000000000209ef60 mode 0
Event: 6.633 Thread 0x00000000020e0800 DEOPT PACKING pc=0x0000000002abf69e sp=0x000000000209f120
Event: 6.633 Thread 0x00000000020e0800 DEOPT UNPACKING pc=0x000000000222787f sp=0x000000000209eea8 mode 0
Event: 6.635 Thread 0x00000000020e0800 DEOPT PACKING pc=0x0000000002ac4fd9 sp=0x000000000209f0e0
Event: 6.635 Thread 0x00000000020e0800 DEOPT UNPACKING pc=0x000000000222787f sp=0x000000000209eea8 mode 0
Event: 6.637 Thread 0x00000000020e0800 DEOPT PACKING pc=0x0000000002ac608d sp=0x000000000209f1a0
Event: 6.637 Thread 0x00000000020e0800 DEOPT UNPACKING pc=0x000000000222787f sp=0x000000000209eef8 mode 0
Event: 6.641 Thread 0x00000000020e0800 DEOPT PACKING pc=0x0000000002ac0ed1 sp=0x000000000209f110
Event: 6.641 Thread 0x00000000020e0800 DEOPT UNPACKING pc=0x000000000222787f sp=0x000000000209ee98 mode 0


Dynamic libraries:
0x00007ff6a1c80000 - 0x00007ff6a1cb7000 	C:\Program Files\Java\jdk1.8.0_40\bin\java.exe
0x00007ff9fd080000 - 0x00007ff9fd22c000 	C:\WINDOWS\SYSTEM32\ntdll.dll
0x00007ff9fcc20000 - 0x00007ff9fcd5e000 	C:\WINDOWS\system32\KERNEL32.DLL
0x00007ff9fa530000 - 0x00007ff9fa645000 	C:\WINDOWS\system32\KERNELBASE.dll
0x00007ff9f8d70000 - 0x00007ff9f8dfe000 	C:\WINDOWS\system32\apphelp.dll
0x00007ff9e2010000 - 0x00007ff9e2063000 	C:\WINDOWS\AppPatch\AppPatch64\AcGenral.DLL
0x00007ff9fc860000 - 0x00007ff9fc90a000 	C:\WINDOWS\system32\msvcrt.dll
0x00007ff9fa000000 - 0x00007ff9fa02e000 	C:\WINDOWS\SYSTEM32\SspiCli.dll
0x00007ff9fbd00000 - 0x00007ff9fbd54000 	C:\WINDOWS\system32\SHLWAPI.dll
0x00007ff9fc670000 - 0x00007ff9fc7e7000 	C:\WINDOWS\system32\USER32.dll
0x00007ff9fc320000 - 0x00007ff9fc4b4000 	C:\WINDOWS\system32\ole32.dll
0x00007ff9fa700000 - 0x00007ff9fbc2b000 	C:\WINDOWS\system32\SHELL32.dll
0x00007ff9f9aa0000 - 0x00007ff9f9ac1000 	C:\WINDOWS\SYSTEM32\USERENV.dll
0x00007ff9fca90000 - 0x00007ff9fcb3a000 	C:\WINDOWS\system32\ADVAPI32.dll
0x00007ff9ef8d0000 - 0x00007ff9ef8ee000 	C:\WINDOWS\SYSTEM32\MPR.dll
0x00007ff9fc520000 - 0x00007ff9fc661000 	C:\WINDOWS\system32\RPCRT4.dll
0x00007ff9fc2c0000 - 0x00007ff9fc319000 	C:\WINDOWS\SYSTEM32\sechost.dll
0x00007ff9fcd60000 - 0x00007ff9fcf71000 	C:\WINDOWS\SYSTEM32\combase.dll
0x00007ff9fc160000 - 0x00007ff9fc2b0000 	C:\WINDOWS\system32\GDI32.dll
0x00007ff9fa1d0000 - 0x00007ff9fa1e5000 	C:\WINDOWS\SYSTEM32\profapi.dll
0x00007ff9f8720000 - 0x00007ff9f87d2000 	C:\WINDOWS\SYSTEM32\SHCORE.dll
0x00007ff9fcf80000 - 0x00007ff9fcfb6000 	C:\WINDOWS\system32\IMM32.DLL
0x00007ff9fc930000 - 0x00007ff9fca82000 	C:\WINDOWS\system32\MSCTF.dll
0x00007ff9f80d0000 - 0x00007ff9f834b000 	C:\WINDOWS\WinSxS\amd64_microsoft.windows.common-controls_6595b64144ccf1df_6.0.9600.18006_none_623f33d3ecbe86e8\COMCTL32.dll
0x00000000726a0000 - 0x0000000072772000 	C:\Program Files\Java\jdk1.8.0_40\jre\bin\msvcr100.dll
0x0000000072c50000 - 0x00000000734d3000 	C:\Program Files\Java\jdk1.8.0_40\jre\bin\server\jvm.dll
0x00007ff9f8490000 - 0x00007ff9f8499000 	C:\WINDOWS\SYSTEM32\WSOCK32.dll
0x00007ff9f7bc0000 - 0x00007ff9f7be2000 	C:\WINDOWS\SYSTEM32\WINMM.dll
0x00007ff9f7c60000 - 0x00007ff9f7c6a000 	C:\WINDOWS\SYSTEM32\VERSION.dll
0x00007ff9fbcf0000 - 0x00007ff9fbcf7000 	C:\WINDOWS\system32\PSAPI.DLL
0x00007ff9fc100000 - 0x00007ff9fc15a000 	C:\WINDOWS\system32\WS2_32.dll
0x00007ff9f6e10000 - 0x00007ff9f6e3a000 	C:\WINDOWS\SYSTEM32\WINMMBASE.dll
0x00007ff9fc2b0000 - 0x00007ff9fc2b9000 	C:\WINDOWS\system32\NSI.dll
0x00007ff9fa650000 - 0x00007ff9fa69f000 	C:\WINDOWS\SYSTEM32\cfgmgr32.dll
0x00007ff9f8fe0000 - 0x00007ff9f9008000 	C:\WINDOWS\SYSTEM32\DEVOBJ.dll
0x0000000072b60000 - 0x0000000072b6f000 	C:\Program Files\Java\jdk1.8.0_40\jre\bin\verify.dll
0x0000000072b30000 - 0x0000000072b59000 	C:\Program Files\Java\jdk1.8.0_40\jre\bin\java.dll
0x0000000072b10000 - 0x0000000072b26000 	C:\Program Files\Java\jdk1.8.0_40\jre\bin\zip.dll
0x00007ff9f5140000 - 0x00007ff9f52c9000 	C:\WINDOWS\SYSTEM32\dbghelp.dll

VM Arguments:
jvm_args: -Djava.awt.headless=true -Xmx1024M -Dfile.encoding=windows-1252 -Duser.country=FR -Duser.language=fr -Duser.variant 
java_command: com.android.dx.command.Main --dex --num-threads=4 --output C:\Users\Amandine\AndroidStudioProjects\PFE_NDAR\app\build\intermediates\pre-dexed\debug\com.android.support-support-v4-23.1.1_e275d1290ccc7c9b0ac8d24fa427fe35b469db96.jar C:\Users\Amandine\AndroidStudioProjects\PFE_NDAR\app\build\intermediates\exploded-aar\com.android.support\support-v4\23.1.1\jars\classes.jar
java_class_path (initial): C:\Users\Amandine\AppData\Local\Android\sdk\build-tools\23.0.2\lib\dx.jar
Launcher Type: SUN_STANDARD

Environment Variables:
PATH=C:\ProgramData\Oracle\Java\javapath;C:\WINDOWS\system32;C:\WINDOWS;C:\WINDOWS\System32\Wbem;C:\WINDOWS\System32\WindowsPowerShell\v1.0\;C:\Program Files\MySQL\MySQL Server 5.6\bin;C:\Program Files (x86)\MySQL\MySQL Server 5.5\bin;C:\Program Files (x86)\NVIDIA Corporation\PhysX\Common;C:\WINDOWS\system32\config\systemprofile\.dnx\bin;C:\Program Files\Microsoft DNX\Dnvm\;C:\Program Files (x86)\Windows Kits\8.1\Windows Performance Toolkit\;C:\Program Files\nodejs\;C:\MinGW\bin;C:\Users\Amandine\AppData\Roaming\npm
USERNAME=Amandine
OS=Windows_NT
PROCESSOR_IDENTIFIER=Intel64 Family 6 Model 69 Stepping 1, GenuineIntel



---------------  S Y S T E M  ---------------

OS: Windows 8.1 , 64 bit Build 9600 (6.3.9600.17415)

CPU:total 4 (2 cores per cpu, 2 threads per core) family 6 model 69 stepping 1, cmov, cx8, fxsr, mmx, sse, sse2, sse3, ssse3, sse4.1, sse4.2, popcnt, avx, avx2, aes, clmul, erms, lzcnt, ht, tsc, tscinvbit, bmi1, bmi2

Memory: 4k page, physical 4122776k(48868k free), swap 7268504k(4384k free)

vm_info: Java HotSpot(TM) 64-Bit Server VM (25.40-b25) for windows-amd64 JRE (1.8.0_40-b25), built on Feb 10 2015 21:53:57 by "java_re" with MS VC++ 10.0 (VS2010)

time: Fri Jan 22 01:35:08 2016
elapsed time: 6 seconds (0d 0h 0m 6s)

