#
# There is insufficient memory for the Java Runtime Environment to continue.
# Native memory allocation (malloc) failed to allocate 770736 bytes for Chunk::new
# Possible reasons:
#   The system is out of physical RAM or swap space
#   In 32 bit mode, the process size limit was hit
# Possible solutions:
#   Reduce memory load on the system
#   Increase physical memory or swap space
#   Check if swap backing store is full
#   Use 64 bit Java on a 64 bit OS
#   Decrease Java heap size (-Xmx/-Xms)
#   Decrease number of Java threads
#   Decrease Java thread stack sizes (-Xss)
#   Set larger code cache with -XX:ReservedCodeCacheSize=
# This output file may be truncated or incomplete.
#
#  Out of Memory Error (allocation.cpp:390), pid=8020, tid=10600
#
# JRE version: Java(TM) SE Runtime Environment (8.0_40-b25) (build 1.8.0_40-b25)
# Java VM: Java HotSpot(TM) 64-Bit Server VM (25.40-b25 mixed mode windows-amd64 compressed oops)
# Failed to write core dump. Minidumps are not enabled by default on client versions of Windows
#

---------------  T H R E A D  ---------------

Current thread (0x0000000015245800):  JavaThread "C2 CompilerThread1" daemon [_thread_in_native, id=10600, stack(0x0000000016840000,0x0000000016940000)]

Stack: [0x0000000016840000,0x0000000016940000]
Native frames: (J=compiled Java code, j=interpreted, Vv=VM code, C=native code)
V  [jvm.dll+0x32b47a]


Current CompileTask:
C2:   4152 1983       4       com.android.dx.dex.code.OutputFinisher::addConstants (93 bytes)


---------------  P R O C E S S  ---------------

Java Threads: ( => current thread )
  0x0000000016a45800 JavaThread "Service Thread" daemon [_thread_blocked, id=3144, stack(0x0000000016e40000,0x0000000016f40000)]
  0x000000001524c000 JavaThread "C1 CompilerThread2" daemon [_thread_in_vm, id=1444, stack(0x0000000016940000,0x0000000016a40000)]
=>0x0000000015245800 JavaThread "C2 CompilerThread1" daemon [_thread_in_native, id=10600, stack(0x0000000016840000,0x0000000016940000)]
  0x00000000151ec000 JavaThread "C2 CompilerThread0" daemon [_thread_in_native, id=6920, stack(0x0000000016740000,0x0000000016840000)]
  0x00000000151ea800 JavaThread "Attach Listener" daemon [_thread_blocked, id=12144, stack(0x0000000016640000,0x0000000016740000)]
  0x00000000151e9000 JavaThread "Signal Dispatcher" daemon [_thread_blocked, id=11412, stack(0x0000000016540000,0x0000000016640000)]
  0x0000000002b16800 JavaThread "Finalizer" daemon [_thread_blocked, id=4836, stack(0x0000000016440000,0x0000000016540000)]
  0x0000000002b0e000 JavaThread "Reference Handler" daemon [_thread_blocked, id=5852, stack(0x0000000016340000,0x0000000016440000)]
  0x0000000002a20800 JavaThread "main" [_thread_in_Java, id=5424, stack(0x0000000002840000,0x0000000002940000)]

Other Threads:
  0x00000000151b7000 VMThread [stack: 0x0000000016240000,0x0000000016340000] [id=9848]
  0x0000000016a46000 WatcherThread [stack: 0x0000000016f40000,0x0000000017040000] [id=12176]

VM state:not at safepoint (normal execution)

VM Mutex/Monitor currently owned by a thread: None

Heap:
 PSYoungGen      total 138752K, used 91656K [0x00000000eab00000, 0x00000000f4c00000, 0x0000000100000000)
  eden space 124928K, 62% used [0x00000000eab00000,0x00000000ef705ec0,0x00000000f2500000)
  from space 13824K, 99% used [0x00000000f3680000,0x00000000f43fc3c8,0x00000000f4400000)
  to   space 17920K, 0% used [0x00000000f2500000,0x00000000f2500000,0x00000000f3680000)
 ParOldGen       total 44032K, used 25469K [0x00000000c0000000, 0x00000000c2b00000, 0x00000000eab00000)
  object space 44032K, 57% used [0x00000000c0000000,0x00000000c18df538,0x00000000c2b00000)
 Metaspace       used 6705K, capacity 7480K, committed 7680K, reserved 1056768K
  class space    used 632K, capacity 688K, committed 768K, reserved 1048576K

Card table byte_map: [0x0000000011ee0000,0x00000000120f0000] byte_map_base: 0x00000000118e0000

Marking Bits: (ParMarkBitMap*) 0x0000000073454040
 Begin Bits: [0x0000000012650000, 0x0000000013650000)
 End Bits:   [0x0000000013650000, 0x0000000014650000)

Polling page: 0x0000000000f60000

CodeCache: size=245760Kb used=8368Kb max_used=8368Kb free=237391Kb
 bounds [0x0000000002b20000, 0x0000000003360000, 0x0000000011b20000]
 total_blobs=2391 nmethods=2121 adapters=182
 compilation: enabled

Compilation events (10 events):
Event: 4.068 Thread 0x000000001524c000 2196       2       com.android.dx.dex.code.form.Form21c::isCompatible (150 bytes)
Event: 4.068 Thread 0x000000001524c000 nmethod 2196 0x000000000334b290 code [0x000000000334b440, 0x000000000334b918]
Event: 4.068 Thread 0x000000001524c000 2197       3       com.android.dx.dex.code.OutputFinisher::massageInstructions (89 bytes)
Event: 4.069 Thread 0x000000001524c000 nmethod 2197 0x000000000334bc90 code [0x000000000334bec0, 0x000000000334caf8]
Event: 4.073 Thread 0x000000001524c000 2199       1       com.android.dx.dex.code.form.Form21s::codeSize (2 bytes)
Event: 4.073 Thread 0x000000001524c000 nmethod 2199 0x000000000334d3d0 code [0x000000000334d520, 0x000000000334d630]
Event: 4.074 Thread 0x000000001524c000 2200       3       com.android.dx.rop.code.RegisterSpecSet::withOffset (77 bytes)
Event: 4.075 Thread 0x000000001524c000 nmethod 2200 0x000000000334d690 code [0x000000000334d880, 0x000000000334e3b8]
Event: 4.075 Thread 0x000000001524c000 2201       2       com.android.dx.dex.code.LocalStart::withRegisterOffset (20 bytes)
Event: 4.076 Thread 0x000000001524c000 nmethod 2201 0x000000000334e890 code [0x000000000334ea20, 0x000000000334ed68]

GC Heap History (10 events):
Event: 1.702 GC heap before
{Heap before GC invocations=4 (full 0):
 PSYoungGen      total 18944K, used 18919K [0x00000000eab00000, 0x00000000ed000000, 0x0000000100000000)
  eden space 16384K, 100% used [0x00000000eab00000,0x00000000ebb00000,0x00000000ebb00000)
  from space 2560K, 99% used [0x00000000ebb00000,0x00000000ebd79e70,0x00000000ebd80000)
  to   space 2560K, 0% used [0x00000000ecd80000,0x00000000ecd80000,0x00000000ed000000)
 ParOldGen       total 44032K, used 5658K [0x00000000c0000000, 0x00000000c2b00000, 0x00000000eab00000)
  object space 44032K, 12% used [0x00000000c0000000,0x00000000c0586918,0x00000000c2b00000)
 Metaspace       used 6142K, capacity 7088K, committed 7296K, reserved 1056768K
  class space    used 593K, capacity 616K, committed 640K, reserved 1048576K
Event: 1.725 GC heap after
Heap after GC invocations=4 (full 0):
 PSYoungGen      total 35328K, used 2550K [0x00000000eab00000, 0x00000000ed000000, 0x0000000100000000)
  eden space 32768K, 0% used [0x00000000eab00000,0x00000000eab00000,0x00000000ecb00000)
  from space 2560K, 99% used [0x00000000ecd80000,0x00000000ecffd940,0x00000000ed000000)
  to   space 2560K, 0% used [0x00000000ecb00000,0x00000000ecb00000,0x00000000ecd80000)
 ParOldGen       total 44032K, used 8340K [0x00000000c0000000, 0x00000000c2b00000, 0x00000000eab00000)
  object space 44032K, 18% used [0x00000000c0000000,0x00000000c08252e8,0x00000000c2b00000)
 Metaspace       used 6142K, capacity 7088K, committed 7296K, reserved 1056768K
  class space    used 593K, capacity 616K, committed 640K, reserved 1048576K
}
Event: 1.992 GC heap before
{Heap before GC invocations=5 (full 0):
 PSYoungGen      total 35328K, used 35318K [0x00000000eab00000, 0x00000000ed000000, 0x0000000100000000)
  eden space 32768K, 100% used [0x00000000eab00000,0x00000000ecb00000,0x00000000ecb00000)
  from space 2560K, 99% used [0x00000000ecd80000,0x00000000ecffd940,0x00000000ed000000)
  to   space 2560K, 0% used [0x00000000ecb00000,0x00000000ecb00000,0x00000000ecd80000)
 ParOldGen       total 44032K, used 8340K [0x00000000c0000000, 0x00000000c2b00000, 0x00000000eab00000)
  object space 44032K, 18% used [0x00000000c0000000,0x00000000c08252e8,0x00000000c2b00000)
 Metaspace       used 6207K, capacity 7152K, committed 7296K, reserved 1056768K
  class space    used 593K, capacity 616K, committed 640K, reserved 1048576K
Event: 2.042 GC heap after
Heap after GC invocations=5 (full 0):
 PSYoungGen      total 35328K, used 2534K [0x00000000eab00000, 0x00000000efb00000, 0x0000000100000000)
  eden space 32768K, 0% used [0x00000000eab00000,0x00000000eab00000,0x00000000ecb00000)
  from space 2560K, 98% used [0x00000000ecb00000,0x00000000ecd79808,0x00000000ecd80000)
  to   space 8192K, 0% used [0x00000000ef300000,0x00000000ef300000,0x00000000efb00000)
 ParOldGen       total 44032K, used 13603K [0x00000000c0000000, 0x00000000c2b00000, 0x00000000eab00000)
  object space 44032K, 30% used [0x00000000c0000000,0x00000000c0d48e88,0x00000000c2b00000)
 Metaspace       used 6207K, capacity 7152K, committed 7296K, reserved 1056768K
  class space    used 593K, capacity 616K, committed 640K, reserved 1048576K
}
Event: 2.366 GC heap before
{Heap before GC invocations=6 (full 0):
 PSYoungGen      total 35328K, used 35302K [0x00000000eab00000, 0x00000000efb00000, 0x0000000100000000)
  eden space 32768K, 100% used [0x00000000eab00000,0x00000000ecb00000,0x00000000ecb00000)
  from space 2560K, 98% used [0x00000000ecb00000,0x00000000ecd79808,0x00000000ecd80000)
  to   space 8192K, 0% used [0x00000000ef300000,0x00000000ef300000,0x00000000efb00000)
 ParOldGen       total 44032K, used 13603K [0x00000000c0000000, 0x00000000c2b00000, 0x00000000eab00000)
  object space 44032K, 30% used [0x00000000c0000000,0x00000000c0d48e88,0x00000000c2b00000)
 Metaspace       used 6229K, capacity 7152K, committed 7296K, reserved 1056768K
  class space    used 593K, capacity 616K, committed 640K, reserved 1048576K
Event: 2.386 GC heap after
Heap after GC invocations=6 (full 0):
 PSYoungGen      total 72704K, used 7410K [0x00000000eab00000, 0x00000000efd00000, 0x0000000100000000)
  eden space 64512K, 0% used [0x00000000eab00000,0x00000000eab00000,0x00000000eea00000)
  from space 8192K, 90% used [0x00000000ef300000,0x00000000efa3c8a0,0x00000000efb00000)
  to   space 9216K, 0% used [0x00000000eea00000,0x00000000eea00000,0x00000000ef300000)
 ParOldGen       total 44032K, used 13603K [0x00000000c0000000, 0x00000000c2b00000, 0x00000000eab00000)
  object space 44032K, 30% used [0x00000000c0000000,0x00000000c0d48e88,0x00000000c2b00000)
 Metaspace       used 6229K, capacity 7152K, committed 7296K, reserved 1056768K
  class space    used 593K, capacity 616K, committed 640K, reserved 1048576K
}
Event: 2.685 GC heap before
{Heap before GC invocations=7 (full 0):
 PSYoungGen      total 72704K, used 71922K [0x00000000eab00000, 0x00000000efd00000, 0x0000000100000000)
  eden space 64512K, 100% used [0x00000000eab00000,0x00000000eea00000,0x00000000eea00000)
  from space 8192K, 90% used [0x00000000ef300000,0x00000000efa3c8a0,0x00000000efb00000)
  to   space 9216K, 0% used [0x00000000eea00000,0x00000000eea00000,0x00000000ef300000)
 ParOldGen       total 44032K, used 13603K [0x00000000c0000000, 0x00000000c2b00000, 0x00000000eab00000)
  object space 44032K, 30% used [0x00000000c0000000,0x00000000c0d48e88,0x00000000c2b00000)
 Metaspace       used 6341K, capacity 7192K, committed 7424K, reserved 1056768K
  class space    used 614K, capacity 656K, committed 768K, reserved 1048576K
Event: 2.725 GC heap after
Heap after GC invocations=7 (full 0):
 PSYoungGen      total 73728K, used 9189K [0x00000000eab00000, 0x00000000f4400000, 0x0000000100000000)
  eden space 64512K, 0% used [0x00000000eab00000,0x00000000eab00000,0x00000000eea00000)
  from space 9216K, 99% used [0x00000000eea00000,0x00000000ef2f9478,0x00000000ef300000)
  to   space 13824K, 0% used [0x00000000f3680000,0x00000000f3680000,0x00000000f4400000)
 ParOldGen       total 44032K, used 20639K [0x00000000c0000000, 0x00000000c2b00000, 0x00000000eab00000)
  object space 44032K, 46% used [0x00000000c0000000,0x00000000c1427c68,0x00000000c2b00000)
 Metaspace       used 6341K, capacity 7192K, committed 7424K, reserved 1056768K
  class space    used 614K, capacity 656K, committed 768K, reserved 1048576K
}
Event: 3.047 GC heap before
{Heap before GC invocations=8 (full 0):
 PSYoungGen      total 73728K, used 73701K [0x00000000eab00000, 0x00000000f4400000, 0x0000000100000000)
  eden space 64512K, 100% used [0x00000000eab00000,0x00000000eea00000,0x00000000eea00000)
  from space 9216K, 99% used [0x00000000eea00000,0x00000000ef2f9478,0x00000000ef300000)
  to   space 13824K, 0% used [0x00000000f3680000,0x00000000f3680000,0x00000000f4400000)
 ParOldGen       total 44032K, used 20639K [0x00000000c0000000, 0x00000000c2b00000, 0x00000000eab00000)
  object space 44032K, 46% used [0x00000000c0000000,0x00000000c1427c68,0x00000000c2b00000)
 Metaspace       used 6391K, capacity 7192K, committed 7424K, reserved 1056768K
  class space    used 614K, capacity 656K, committed 768K, reserved 1048576K
Event: 3.079 GC heap after
Heap after GC invocations=8 (full 0):
 PSYoungGen      total 138752K, used 13808K [0x00000000eab00000, 0x00000000f4c00000, 0x0000000100000000)
  eden space 124928K, 0% used [0x00000000eab00000,0x00000000eab00000,0x00000000f2500000)
  from space 13824K, 99% used [0x00000000f3680000,0x00000000f43fc3c8,0x00000000f4400000)
  to   space 17920K, 0% used [0x00000000f2500000,0x00000000f2500000,0x00000000f3680000)
 ParOldGen       total 44032K, used 25469K [0x00000000c0000000, 0x00000000c2b00000, 0x00000000eab00000)
  object space 44032K, 57% used [0x00000000c0000000,0x00000000c18df538,0x00000000c2b00000)
 Metaspace       used 6391K, capacity 7192K, committed 7424K, reserved 1056768K
  class space    used 614K, capacity 656K, committed 768K, reserved 1048576K
}

Deoptimization events (10 events):
Event: 3.451 Thread 0x0000000002a20800 Uncommon trap: reason=class_check action=maybe_recompile pc=0x000000000308fc98 method=java.util.Arrays.hashCode([Ljava/lang/Object;)I @ 43
Event: 3.451 Thread 0x0000000002a20800 Uncommon trap: reason=class_check action=maybe_recompile pc=0x000000000308fc98 method=java.util.Arrays.hashCode([Ljava/lang/Object;)I @ 43
Event: 3.451 Thread 0x0000000002a20800 Uncommon trap: reason=class_check action=maybe_recompile pc=0x000000000308fc98 method=java.util.Arrays.hashCode([Ljava/lang/Object;)I @ 43
Event: 3.451 Thread 0x0000000002a20800 Uncommon trap: reason=class_check action=maybe_recompile pc=0x0000000002f7ac78 method=java.util.Arrays.hashCode([Ljava/lang/Object;)I @ 43
Event: 3.819 Thread 0x0000000002a20800 Uncommon trap: reason=speculate_class_check action=maybe_recompile pc=0x0000000002e7703c method=com.android.dx.util.FixedSizeList.equals(Ljava/lang/Object;)Z @ 25
Event: 3.819 Thread 0x0000000002a20800 Uncommon trap: reason=unstable_if action=reinterpret pc=0x0000000002e55958 method=java.util.Arrays.equals([Ljava/lang/Object;[Ljava/lang/Object;)Z @ 23
Event: 3.942 Thread 0x0000000002a20800 Uncommon trap: reason=speculate_class_check action=maybe_recompile pc=0x0000000002e7703c method=com.android.dx.util.FixedSizeList.equals(Ljava/lang/Object;)Z @ 25
Event: 3.943 Thread 0x0000000002a20800 Uncommon trap: reason=speculate_class_check action=maybe_recompile pc=0x0000000002e7703c method=com.android.dx.util.FixedSizeList.equals(Ljava/lang/Object;)Z @ 25
Event: 3.943 Thread 0x0000000002a20800 Uncommon trap: reason=speculate_class_check action=maybe_recompile pc=0x0000000002e7703c method=com.android.dx.util.FixedSizeList.equals(Ljava/lang/Object;)Z @ 25
Event: 4.067 Thread 0x0000000002a20800 Uncommon trap: reason=unstable_if action=reinterpret pc=0x00000000032d207c method=java.util.TreeMap.put(Ljava/lang/Object;Ljava/lang/Object;)Ljava/lang/Object; @ 163

Internal exceptions (5 events):
Event: 0.165 Thread 0x0000000002a20800 Exception <a 'java/lang/NoSuchMethodError': Method sun.misc.Unsafe.defineClass(Ljava/lang/String;[BII)Ljava/lang/Class; name or signature does not match> (0x00000000eab0d2b8) thrown at [D:\re\workspace\8-2-build-windows-amd64-cygwin\jdk8u40\2855\hotspot\srû§u€’"Å?
Event: 0.165 Thread 0x0000000002a20800 Exception <a 'java/lang/NoSuchMethodError': Method sun.misc.Unsafe.prefetchRead(Ljava/lang/Object;J)V name or signature does not match> (0x00000000eab0d548) thrown at [D:\re\workspace\8-2-build-windows-amd64-cygwin\jdk8u40\2855\hotspot\src\share\vm\prims\jž¯¸óB@
Event: 2.533 Thread 0x0000000016ce7000 Exception <a 'java/lang/ArrayIndexOutOfBoundsException': 18> (0x00000000eccbaf80) thrown at [D:\re\workspace\8-2-build-windows-amd64-cygwin\jdk8u40\2855\hotspot\src\share\vm\interpreter\interpreterRuntime.cpp, line 366]
Event: 2.533 Thread 0x0000000016ce7000 Exception <a 'java/lang/ArrayIndexOutOfBoundsException': 145> (0x00000000eccbca50) thrown at [D:\re\workspace\8-2-build-windows-amd64-cygwin\jdk8u40\2855\hotspot\src\share\vm\interpreter\interpreterRuntime.cpp, line 366]
Event: 2.534 Thread 0x0000000016ce7000 Exception <a 'java/lang/ArrayIndexOutOfBoundsException': 40> (0x00000000eccbdc88) thrown at [D:\re\workspace\8-2-build-windows-amd64-cygwin\jdk8u40\2855\hotspot\src\share\vm\interpreter\interpreterRuntime.cpp, line 366]

Events (10 events):
Event: 4.065 Thread 0x0000000002a20800 DEOPT UNPACKING pc=0x0000000002b6787f sp=0x000000000293eed0 mode 0
Event: 4.065 Thread 0x0000000002a20800 DEOPT PACKING pc=0x0000000003305cde sp=0x000000000293f080
Event: 4.065 Thread 0x0000000002a20800 DEOPT UNPACKING pc=0x0000000002b6787f sp=0x000000000293ee00 mode 0
Event: 4.067 Thread 0x0000000002a20800 Uncommon trap: trap_request=0xffffff65 fr.pc=0x00000000032d207c
Event: 4.067 Thread 0x0000000002a20800 DEOPT PACKING pc=0x00000000032d207c sp=0x000000000293f0d0
Event: 4.067 Thread 0x0000000002a20800 DEOPT UNPACKING pc=0x0000000002b6582a sp=0x000000000293f070 mode 2
Event: 4.068 Thread 0x0000000002a20800 DEOPT PACKING pc=0x00000000032e0f51 sp=0x000000000293f070
Event: 4.068 Thread 0x0000000002a20800 DEOPT UNPACKING pc=0x0000000002b6787f sp=0x000000000293ede8 mode 0
Event: 4.074 Thread 0x0000000002a20800 DEOPT PACKING pc=0x00000000032d6be2 sp=0x000000000293eef0
Event: 4.074 Thread 0x0000000002a20800 DEOPT UNPACKING pc=0x0000000002b6787f sp=0x000000000293ec70 mode 0


Dynamic libraries:
0x00007ff6a1c80000 - 0x00007ff6a1cb7000 	C:\Program Files\Java\jdk1.8.0_40\bin\java.exe
0x00007ff9fd080000 - 0x00007ff9fd22c000 	C:\WINDOWS\SYSTEM32\ntdll.dll
0x00007ff9fcc20000 - 0x00007ff9fcd5e000 	C:\WINDOWS\system32\KERNEL32.DLL
0x00007ff9fa530000 - 0x00007ff9fa645000 	C:\WINDOWS\system32\KERNELBASE.dll
0x00007ff9f8d70000 - 0x00007ff9f8dfe000 	C:\WINDOWS\system32\apphelp.dll
0x00007ff9e2010000 - 0x00007ff9e2063000 	C:\WINDOWS\AppPatch\AppPatch64\AcGenral.DLL
0x00007ff9fc860000 - 0x00007ff9fc90a000 	C:\WINDOWS\system32\msvcrt.dll
0x00007ff9fa000000 - 0x00007ff9fa02e000 	C:\WINDOWS\SYSTEM32\SspiCli.dll
0x00007ff9fbd00000 - 0x00007ff9fbd54000 	C:\WINDOWS\system32\SHLWAPI.dll
0x00007ff9fc670000 - 0x00007ff9fc7e7000 	C:\WINDOWS\system32\USER32.dll
0x00007ff9fc320000 - 0x00007ff9fc4b4000 	C:\WINDOWS\system32\ole32.dll
0x00007ff9fa700000 - 0x00007ff9fbc2b000 	C:\WINDOWS\system32\SHELL32.dll
0x00007ff9f9aa0000 - 0x00007ff9f9ac1000 	C:\WINDOWS\SYSTEM32\USERENV.dll
0x00007ff9fca90000 - 0x00007ff9fcb3a000 	C:\WINDOWS\system32\ADVAPI32.dll
0x00007ff9ef8d0000 - 0x00007ff9ef8ee000 	C:\WINDOWS\SYSTEM32\MPR.dll
0x00007ff9fc520000 - 0x00007ff9fc661000 	C:\WINDOWS\system32\RPCRT4.dll
0x00007ff9fc2c0000 - 0x00007ff9fc319000 	C:\WINDOWS\SYSTEM32\sechost.dll
0x00007ff9fcd60000 - 0x00007ff9fcf71000 	C:\WINDOWS\SYSTEM32\combase.dll
0x00007ff9fc160000 - 0x00007ff9fc2b0000 	C:\WINDOWS\system32\GDI32.dll
0x00007ff9fa1d0000 - 0x00007ff9fa1e5000 	C:\WINDOWS\SYSTEM32\profapi.dll
0x00007ff9f8720000 - 0x00007ff9f87d2000 	C:\WINDOWS\SYSTEM32\SHCORE.dll
0x00007ff9fcf80000 - 0x00007ff9fcfb6000 	C:\WINDOWS\system32\IMM32.DLL
0x00007ff9fc930000 - 0x00007ff9fca82000 	C:\WINDOWS\system32\MSCTF.dll
0x00007ff9f80d0000 - 0x00007ff9f834b000 	C:\WINDOWS\WinSxS\amd64_microsoft.windows.common-controls_6595b64144ccf1df_6.0.9600.18006_none_623f33d3ecbe86e8\COMCTL32.dll
0x00000000726a0000 - 0x0000000072772000 	C:\Program Files\Java\jdk1.8.0_40\jre\bin\msvcr100.dll
0x0000000072c50000 - 0x00000000734d3000 	C:\Program Files\Java\jdk1.8.0_40\jre\bin\server\jvm.dll
0x00007ff9f8490000 - 0x00007ff9f8499000 	C:\WINDOWS\SYSTEM32\WSOCK32.dll
0x00007ff9f7bc0000 - 0x00007ff9f7be2000 	C:\WINDOWS\SYSTEM32\WINMM.dll
0x00007ff9f7c60000 - 0x00007ff9f7c6a000 	C:\WINDOWS\SYSTEM32\VERSION.dll
0x00007ff9fbcf0000 - 0x00007ff9fbcf7000 	C:\WINDOWS\system32\PSAPI.DLL
0x00007ff9fc100000 - 0x00007ff9fc15a000 	C:\WINDOWS\system32\WS2_32.dll
0x00007ff9f6e10000 - 0x00007ff9f6e3a000 	C:\WINDOWS\SYSTEM32\WINMMBASE.dll
0x00007ff9fc2b0000 - 0x00007ff9fc2b9000 	C:\WINDOWS\system32\NSI.dll
0x00007ff9fa650000 - 0x00007ff9fa69f000 	C:\WINDOWS\SYSTEM32\cfgmgr32.dll
0x00007ff9f8fe0000 - 0x00007ff9f9008000 	C:\WINDOWS\SYSTEM32\DEVOBJ.dll
0x0000000072b60000 - 0x0000000072b6f000 	C:\Program Files\Java\jdk1.8.0_40\jre\bin\verify.dll
0x0000000072b30000 - 0x0000000072b59000 	C:\Program Files\Java\jdk1.8.0_40\jre\bin\java.dll
0x0000000072b10000 - 0x0000000072b26000 	C:\Program Files\Java\jdk1.8.0_40\jre\bin\zip.dll
0x00007ff9f5140000 - 0x00007ff9f52c9000 	C:\WINDOWS\SYSTEM32\dbghelp.dll

VM Arguments:
jvm_args: -Djava.awt.headless=true -Xmx1024M -Dfile.encoding=windows-1252 -Duser.country=FR -Duser.language=fr -Duser.variant 
java_command: com.android.dx.command.Main --dex --num-threads=4 --output C:\Users\Amandine\AndroidStudioProjects\PFE_NDAR\app\build\intermediates\pre-dexed\debug\com.android.support-appcompat-v7-23.1.1_b536b764968d0b4a256b11955ad3b09bf539f649.jar C:\Users\Amandine\AndroidStudioProjects\PFE_NDAR\app\build\intermediates\exploded-aar\com.android.support\appcompat-v7\23.1.1\jars\classes.jar
java_class_path (initial): C:\Users\Amandine\AppData\Local\Android\sdk\build-tools\23.0.2\lib\dx.jar
Launcher Type: SUN_STANDARD

Environment Variables:
PATH=C:\ProgramData\Oracle\Java\javapath;C:\WINDOWS\system32;C:\WINDOWS;C:\WINDOWS\System32\Wbem;C:\WINDOWS\System32\WindowsPowerShell\v1.0\;C:\Program Files\MySQL\MySQL Server 5.6\bin;C:\Program Files (x86)\MySQL\MySQL Server 5.5\bin;C:\Program Files (x86)\NVIDIA Corporation\PhysX\Common;C:\WINDOWS\system32\config\systemprofile\.dnx\bin;C:\Program Files\Microsoft DNX\Dnvm\;C:\Program Files (x86)\Windows Kits\8.1\Windows Performance Toolkit\;C:\Program Files\nodejs\;C:\MinGW\bin;C:\Users\Amandine\AppData\Roaming\npm
USERNAME=Amandine
OS=Windows_NT
PROCESSOR_IDENTIFIER=Intel64 Family 6 Model 69 Stepping 1, GenuineIntel



---------------  S Y S T E M  ---------------

OS: Windows 8.1 , 64 bit Build 9600 (6.3.9600.17415)

CPU:total 4 (2 cores per cpu, 2 threads per core) family 6 model 69 stepping 1, cmov, cx8, fxsr, mmx, sse, sse2, sse3, ssse3, sse4.1, sse4.2, popcnt, avx, avx2, aes, clmul, erms, lzcnt, ht, tsc, tscinvbit, bmi1, bmi2

Memory: 4k page, physical 4122776k(180376k free), swap 7268504k(5076k free)

vm_info: Java HotSpot(TM) 64-Bit Server VM (25.40-b25) for windows-amd64 JRE (1.8.0_40-b25), built on Feb 10 2015 21:53:57 by "java_re" with MS VC++ 10.0 (VS2010)

time: Fri Jan 22 01:31:32 2016
elapsed time: 4 seconds (0d 0h 0m 4s)

